7f45 4c46 0201 0100 0000 0000 0000 0000
0300 3e00 0100 0000 e010 0000 0000 0000
4000 0000 0000 0000 603b 0000 0000 0000
0000 0000 4000 3800 0b00 4000 1d00 1c00
0600 0000 0400 0000 4000 0000 0000 0000
4000 0000 0000 0000 4000 0000 0000 0000
6802 0000 0000 0000 6802 0000 0000 0000
0800 0000 0000 0000 0300 0000 0400 0000
a802 0000 0000 0000 a802 0000 0000 0000
a802 0000 0000 0000 1c00 0000 0000 0000
1c00 0000 0000 0000 0100 0000 0000 0000
0100 0000 0400 0000 0000 0000 0000 0000
0000 0000 0000 0000 0000 0000 0000 0000
b807 0000 0000 0000 b807 0000 0000 0000
0010 0000 0000 0000 0100 0000 0500 0000
0010 0000 0000 0000 0010 0000 0000 0000
0010 0000 0000 0000 6506 0000 0000 0000
6506 0000 0000 0000 0010 0000 0000 0000
0100 0000 0400 0000 0020 0000 0000 0000
0020 0000 0000 0000 0020 0000 0000 0000
5001 0000 0000 0000 5001 0000 0000 0000
0010 0000 0000 0000 0100 0000 0600 0000
e82d 0000 0000 0000 e83d 0000 0000 0000
e83d 0000 0000 0000 9802 0000 0000 0000
a002 0000 0000 0000 0010 0000 0000 0000
0200 0000 0600 0000 f82d 0000 0000 0000
f83d 0000 0000 0000 f83d 0000 0000 0000
e001 0000 0000 0000 e001 0000 0000 0000
0800 0000 0000 0000 0400 0000 0400 0000
c402 0000 0000 0000 c402 0000 0000 0000
c402 0000 0000 0000 4400 0000 0000 0000
4400 0000 0000 0000 0400 0000 0000 0000
50e5 7464 0400 0000 4020 0000 0000 0000
4020 0000 0000 0000 4020 0000 0000 0000
3400 0000 0000 0000 3400 0000 0000 0000
0400 0000 0000 0000 51e5 7464 0600 0000
0000 0000 0000 0000 0000 0000 0000 0000
0000 0000 0000 0000 0000 0000 0000 0000
0000 0000 0000 0000 1000 0000 0000 0000
52e5 7464 0400 0000 e82d 0000 0000 0000
e83d 0000 0000 0000 e83d 0000 0000 0000
1802 0000 0000 0000 1802 0000 0000 0000
0100 0000 0000 0000 2f6c 6962 3634 2f6c
642d 6c69 6e75 782d 7838 362d 3634 2e73
6f2e 3200 0400 0000 1400 0000 0300 0000
474e 5500 8698 ea4d ea7d fec8 32f9 f6d7
8d68 b321 40c5 9b64 0400 0000 1000 0000
0100 0000 474e 5500 0000 0000 0300 0000
0200 0000 0000 0000 0100 0000 0100 0000
0100 0000 0000 0000 0000 0000 0000 0000
0000 0000 0000 0000 0000 0000 0000 0000
0000 0000 0000 0000 0000 0000 0000 0000
3a00 0000 1200 0000 0000 0000 0000 0000
0000 0000 0000 0000 9600 0000 2000 0000
0000 0000 0000 0000 0000 0000 0000 0000
2400 0000 1200 0000 0000 0000 0000 0000
0000 0000 0000 0000 4900 0000 1200 0000
0000 0000 0000 0000 0000 0000 0000 0000
2900 0000 1200 0000 0000 0000 0000 0000
0000 0000 0000 0000 5100 0000 1200 0000
0000 0000 0000 0000 0000 0000 0000 0000
1400 0000 1200 0000 0000 0000 0000 0000
0000 0000 0000 0000 1b00 0000 1200 0000
0000 0000 0000 0000 0000 0000 0000 0000
6e00 0000 1200 0000 0000 0000 0000 0000
0000 0000 0000 0000 6700 0000 1200 0000
0000 0000 0000 0000 0000 0000 0000 0000
b200 0000 2000 0000 0000 0000 0000 0000
0000 0000 0000 0000 0b00 0000 1200 0000
0000 0000 0000 0000 0000 0000 0000 0000
4200 0000 1200 0000 0000 0000 0000 0000
0000 0000 0000 0000 1300 0000 1200 0000
0000 0000 0000 0000 0000 0000 0000 0000
c100 0000 2000 0000 0000 0000 0000 0000
0000 0000 0000 0000 5800 0000 2200 0000
0000 0000 0000 0000 0000 0000 0000 0000
006c 6962 632e 736f 2e36 0072 6561 6464
6972 0073 7072 696e 7466 0063 6c6f 7365
6469 7200 7075 7473 005f 5f73 7461 636b
5f63 686b 5f66 6169 6c00 7075 7463 6861
7200 7374 7263 6174 006f 7065 6e64 6972
0073 7973 7465 6d00 5f5f 6378 615f 6669
6e61 6c69 7a65 0073 7472 636d 7000 5f5f
6c69 6263 5f73 7461 7274 5f6d 6169 6e00
474c 4942 435f 322e 3400 474c 4942 435f
322e 322e 3500 5f49 544d 5f64 6572 6567
6973 7465 7254 4d43 6c6f 6e65 5461 626c
6500 5f5f 676d 6f6e 5f73 7461 7274 5f5f
005f 4954 4d5f 7265 6769 7374 6572 544d
436c 6f6e 6554 6162 6c65 0000 0000 0200
0000 0200 0200 0300 0200 0200 0200 0200
0200 0000 0200 0200 0200 0000 0200 0000
0100 0200 0100 0000 1000 0000 0000 0000
1469 690d 0000 0300 8000 0000 1000 0000
751a 6909 0000 0200 8a00 0000 0000 0000
e83d 0000 0000 0000 0800 0000 0000 0000
d011 0000 0000 0000 f03d 0000 0000 0000
0800 0000 0000 0000 8011 0000 0000 0000
7840 0000 0000 0000 0800 0000 0000 0000
7840 0000 0000 0000 d83f 0000 0000 0000
0600 0000 0200 0000 0000 0000 0000 0000
e03f 0000 0000 0000 0600 0000 0900 0000
0000 0000 0000 0000 e83f 0000 0000 0000
0600 0000 0b00 0000 0000 0000 0000 0000
f03f 0000 0000 0000 0600 0000 0f00 0000
0000 0000 0000 0000 f83f 0000 0000 0000
0600 0000 1000 0000 0000 0000 0000 0000
1840 0000 0000 0000 0700 0000 0100 0000
0000 0000 0000 0000 2040 0000 0000 0000
0700 0000 0300 0000 0000 0000 0000 0000
2840 0000 0000 0000 0700 0000 0400 0000
0000 0000 0000 0000 3040 0000 0000 0000
0700 0000 0500 0000 0000 0000 0000 0000
3840 0000 0000 0000 0700 0000 0600 0000
0000 0000 0000 0000 4040 0000 0000 0000
0700 0000 0700 0000 0000 0000 0000 0000
4840 0000 0000 0000 0700 0000 0800 0000
0000 0000 0000 0000 5040 0000 0000 0000
0700 0000 0a00 0000 0000 0000 0000 0000
5840 0000 0000 0000 0700 0000 0c00 0000
0000 0000 0000 0000 6040 0000 0000 0000
0700 0000 0d00 0000 0000 0000 0000 0000
6840 0000 0000 0000 0700 0000 0e00 0000
0000 0000 0000 0000 0000 0000 0000 0000
0000 0000 0000 0000 0000 0000 0000 0000
0000 0000 0000 0000 0000 0000 0000 0000
0000 0000 0000 0000 0000 0000 0000 0000
0000 0000 0000 0000 0000 0000 0000 0000
0000 0000 0000 0000 0000 0000 0000 0000
0000 0000 0000 0000 0000 0000 0000 0000
0000 0000 0000 0000 0000 0000 0000 0000
0000 0000 0000 0000 0000 0000 0000 0000
0000 0000 0000 0000 0000 0000 0000 0000
0000 0000 0000 0000 0000 0000 0000 0000
0000 0000 0000 0000 0000 0000 0000 0000
0000 0000 0000 0000 0000 0000 0000 0000
0000 0000 0000 0000 0000 0000 0000 0000
0000 0000 0000 0000 0000 0000 0000 0000
0000 0000 0000 0000 0000 0000 0000 0000
0000 0000 0000 0000 0000 0000 0000 0000
0000 0000 0000 0000 0000 0000 0000 0000
0000 0000 0000 0000 0000 0000 0000 0000
0000 0000 0000 0000 0000 0000 0000 0000
0000 0000 0000 0000 0000 0000 0000 0000
0000 0000 0000 0000 0000 0000 0000 0000
0000 0000 0000 0000 0000 0000 0000 0000
0000 0000 0000 0000 0000 0000 0000 0000
0000 0000 0000 0000 0000 0000 0000 0000
0000 0000 0000 0000 0000 0000 0000 0000
0000 0000 0000 0000 0000 0000 0000 0000
0000 0000 0000 0000 0000 0000 0000 0000
0000 0000 0000 0000 0000 0000 0000 0000
0000 0000 0000 0000 0000 0000 0000 0000
0000 0000 0000 0000 0000 0000 0000 0000
0000 0000 0000 0000 0000 0000 0000 0000
0000 0000 0000 0000 0000 0000 0000 0000
0000 0000 0000 0000 0000 0000 0000 0000
0000 0000 0000 0000 0000 0000 0000 0000
0000 0000 0000 0000 0000 0000 0000 0000
0000 0000 0000 0000 0000 0000 0000 0000
0000 0000 0000 0000 0000 0000 0000 0000
0000 0000 0000 0000 0000 0000 0000 0000
0000 0000 0000 0000 0000 0000 0000 0000
0000 0000 0000 0000 0000 0000 0000 0000
0000 0000 0000 0000 0000 0000 0000 0000
0000 0000 0000 0000 0000 0000 0000 0000
0000 0000 0000 0000 0000 0000 0000 0000
0000 0000 0000 0000 0000 0000 0000 0000
0000 0000 0000 0000 0000 0000 0000 0000
0000 0000 0000 0000 0000 0000 0000 0000
0000 0000 0000 0000 0000 0000 0000 0000
0000 0000 0000 0000 0000 0000 0000 0000
0000 0000 0000 0000 0000 0000 0000 0000
0000 0000 0000 0000 0000 0000 0000 0000
0000 0000 0000 0000 0000 0000 0000 0000
0000 0000 0000 0000 0000 0000 0000 0000
0000 0000 0000 0000 0000 0000 0000 0000
0000 0000 0000 0000 0000 0000 0000 0000
0000 0000 0000 0000 0000 0000 0000 0000
0000 0000 0000 0000 0000 0000 0000 0000
0000 0000 0000 0000 0000 0000 0000 0000
0000 0000 0000 0000 0000 0000 0000 0000
0000 0000 0000 0000 0000 0000 0000 0000
0000 0000 0000 0000 0000 0000 0000 0000
0000 0000 0000 0000 0000 0000 0000 0000
0000 0000 0000 0000 0000 0000 0000 0000
0000 0000 0000 0000 0000 0000 0000 0000
0000 0000 0000 0000 0000 0000 0000 0000
0000 0000 0000 0000 0000 0000 0000 0000
0000 0000 0000 0000 0000 0000 0000 0000
0000 0000 0000 0000 0000 0000 0000 0000
0000 0000 0000 0000 0000 0000 0000 0000
0000 0000 0000 0000 0000 0000 0000 0000
0000 0000 0000 0000 0000 0000 0000 0000
0000 0000 0000 0000 0000 0000 0000 0000
0000 0000 0000 0000 0000 0000 0000 0000
0000 0000 0000 0000 0000 0000 0000 0000
0000 0000 0000 0000 0000 0000 0000 0000
0000 0000 0000 0000 0000 0000 0000 0000
0000 0000 0000 0000 0000 0000 0000 0000
0000 0000 0000 0000 0000 0000 0000 0000
0000 0000 0000 0000 0000 0000 0000 0000
0000 0000 0000 0000 0000 0000 0000 0000
0000 0000 0000 0000 0000 0000 0000 0000
0000 0000 0000 0000 0000 0000 0000 0000
0000 0000 0000 0000 0000 0000 0000 0000
0000 0000 0000 0000 0000 0000 0000 0000
0000 0000 0000 0000 0000 0000 0000 0000
0000 0000 0000 0000 0000 0000 0000 0000
0000 0000 0000 0000 0000 0000 0000 0000
0000 0000 0000 0000 0000 0000 0000 0000
0000 0000 0000 0000 0000 0000 0000 0000
0000 0000 0000 0000 0000 0000 0000 0000
0000 0000 0000 0000 0000 0000 0000 0000
0000 0000 0000 0000 0000 0000 0000 0000
0000 0000 0000 0000 0000 0000 0000 0000
0000 0000 0000 0000 0000 0000 0000 0000
0000 0000 0000 0000 0000 0000 0000 0000
0000 0000 0000 0000 0000 0000 0000 0000
0000 0000 0000 0000 0000 0000 0000 0000
0000 0000 0000 0000 0000 0000 0000 0000
0000 0000 0000 0000 0000 0000 0000 0000
0000 0000 0000 0000 0000 0000 0000 0000
0000 0000 0000 0000 0000 0000 0000 0000
0000 0000 0000 0000 0000 0000 0000 0000
0000 0000 0000 0000 0000 0000 0000 0000
0000 0000 0000 0000 0000 0000 0000 0000
0000 0000 0000 0000 0000 0000 0000 0000
0000 0000 0000 0000 0000 0000 0000 0000
0000 0000 0000 0000 0000 0000 0000 0000
0000 0000 0000 0000 0000 0000 0000 0000
0000 0000 0000 0000 0000 0000 0000 0000
0000 0000 0000 0000 0000 0000 0000 0000
0000 0000 0000 0000 0000 0000 0000 0000
0000 0000 0000 0000 0000 0000 0000 0000
0000 0000 0000 0000 0000 0000 0000 0000
0000 0000 0000 0000 0000 0000 0000 0000
0000 0000 0000 0000 0000 0000 0000 0000
0000 0000 0000 0000 0000 0000 0000 0000
0000 0000 0000 0000 0000 0000 0000 0000
0000 0000 0000 0000 0000 0000 0000 0000
0000 0000 0000 0000 0000 0000 0000 0000
0000 0000 0000 0000 0000 0000 0000 0000
0000 0000 0000 0000 0000 0000 0000 0000
0000 0000 0000 0000 0000 0000 0000 0000
0000 0000 0000 0000 0000 0000 0000 0000
0000 0000 0000 0000 0000 0000 0000 0000
0000 0000 0000 0000 0000 0000 0000 0000
0000 0000 0000 0000 0000 0000 0000 0000
0000 0000 0000 0000 0000 0000 0000 0000
0000 0000 0000 0000 0000 0000 0000 0000
0000 0000 0000 0000 0000 0000 0000 0000
0000 0000 0000 0000 0000 0000 0000 0000
0000 0000 0000 0000 0000 0000 0000 0000
0000 0000 0000 0000 0000 0000 0000 0000
0000 0000 0000 0000 0000 0000 0000 0000
f30f 1efa 4883 ec08 488b 05d9 2f00 0048
85c0 7402 ffd0 4883 c408 c300 0000 0000
ff35 e22f 0000 ff25 e42f 0000 0f1f 4000
ff25 e22f 0000 6800 0000 00e9 e0ff ffff
ff25 da2f 0000 6801 0000 00e9 d0ff ffff
ff25 d22f 0000 6802 0000 00e9 c0ff ffff
ff25 ca2f 0000 6803 0000 00e9 b0ff ffff
ff25 c22f 0000 6804 0000 00e9 a0ff ffff
ff25 ba2f 0000 6805 0000 00e9 90ff ffff
ff25 b22f 0000 6806 0000 00e9 80ff ffff
ff25 aa2f 0000 6807 0000 00e9 70ff ffff
ff25 a22f 0000 6808 0000 00e9 60ff ffff
ff25 9a2f 0000 6809 0000 00e9 50ff ffff
ff25 922f 0000 680a 0000 00e9 40ff ffff
f30f 1efa 31ed 4989 d15e 4889 e248 83e4
f050 544c 8d05 5605 0000 488d 0ddf 0400
0048 8d3d d100 0000 ff15 d22e 0000 f490
488d 3d69 2f00 0048 8d05 622f 0000 4839
f874 1548 8b05 ae2e 0000 4885 c074 09ff
e00f 1f80 0000 0000 c30f 1f80 0000 0000
488d 3d39 2f00 0048 8d35 322f 0000 4829
fe48 89f0 48c1 ee3f 48c1 f803 4801 c648
d1fe 7414 488b 0585 2e00 0048 85c0 7408
ffe0 660f 1f44 0000 c30f 1f80 0000 0000
f30f 1efa 803d f52e 0000 0075 3355 4883
3d62 2e00 0000 4889 e574 0d48 8b3d d62e
0000 ff15 502e 0000 e863 ffff ffc6 05cc
2e00 0001 5dc3 662e 0f1f 8400 0000 0000
c366 662e 0f1f 8400 0000 0000 0f1f 4000
f30f 1efa e967 ffff ff55 4889 e548 81ec
b010 0000 89bd 5cef ffff 4889 b550 efff
ff64 488b 0425 2800 0000 4889 45f8 31c0
83bd 5cef ffff 047e 1648 8d3d f80d 0000
e82b feff ffb8 0100 0000 e9a9 0300 0083
bd5c efff ff01 7577 488d 3d02 0e00 00e8
1cfe ffff 4889 8570 efff ffeb 1f48 8b85
78ef ffff 4883 c013 4889 c648 8d3d e10d
0000 b800 0000 00e8 24fe ffff 488b 8570
efff ff48 89c7 e845 feff ff48 8985 78ef
ffff 4883 bd78 efff ff00 75c1 bf0a 0000
00e8 aafd ffff 488b 8570 efff ff48 89c7
e8fb fdff ffb8 0000 0000 e929 0300 0083
bd5c efff ff02 0f85 0b01 0000 488b 8550
efff ff48 83c0 0848 8b00 488d 3576 0d00
0048 89c7 e8d7 fdff ff85 c00f 85e6 0000
0048 8d3d 590d 0000 e873 fdff ff48 8985
70ef ffff e987 0000 0048 8b85 78ef ffff
488d 4813 488b 8550 efff ff48 83c0 0848
8b10 488d 85f0 efff ff48 8d35 2a0d 0000
4889 c7b8 0000 0000 e8b3 fdff ff48 8d85
80ef ffff 48be 2e2f 7075 6e74 6f31 4889
30c7 4008 2e6f 7574 66c7 400c 2000 488b
8578 efff ff48 8d50 1348 8d85 80ef ffff
4889 d648 89c7 e865 fdff ff48 8d85 80ef
ffff 4889 c7e8 06fd ffff 8985 68ef ffff
488b 8570 efff ff48 89c7 e831 fdff ff48
8985 78ef ffff 4883 bd78 efff ff00 0f85
55ff ffff bf0a 0000 00e8 92fc ffff 488b
8570 efff ff48 89c7 e8e3 fcff ffb8 0000
0000 e911 0200 0083 bd5c efff ff02 0f85
9600 0000 488b 8550 efff ff48 83c0 0848
8b00 488d 355e 0c00 0048 89c7 e8bf fcff
ff85 c074 7548 8b85 50ef ffff 4883 c008
488b 0048 89c7 e855 fcff ff48 8985 70ef
ffff eb13 488b 8578 efff ff48 83c0 1348
89c7 e829 fcff ff48 8b85 70ef ffff 4889
c7e8 8afc ffff 4889 8578 efff ff48 83bd
78ef ffff 0075 cdbf 0a00 0000 e8ef fbff
ff48 8b85 70ef ffff 4889 c7e8 40fc ffff
b800 0000 00e9 6e01 0000 83bd 5cef ffff
030f 855c 0100 0048 8b85 50ef ffff 4883
c008 488b 0048 8d35 bb0b 0000 4889 c7e8
1cfc ffff 85c0 0f85 3701 0000 488b 8550
efff ff48 83c0 1048 8b00 4889 c7e8 aefb
ffff 4889 8570 efff ffe9 db00 0000 488b
8578 efff ff48 8d48 1348 8b85 50ef ffff
4883 c008 488b 1048 8d85 f0ef ffff 488d
3565 0b00 0048 89c7 b800 0000 00e8 eefb
ffff 488d 8580 efff ff48 b92e 2f70 756e
746f 3148 8908 c740 082e 6f75 7466 c740
0c20 0048 8b85 50ef ffff 4883 c010 488b
1048 8d85 80ef ffff 4889 d648 89c7 e89d
fbff ff48 8d85 80ef ffff 48c7 c1ff ffff
ff48 89c2 b800 0000 0048 89d7 f2ae 4889
c848 f7d0 488d 50ff 488d 8580 efff ff48
01d0 66c7 002f 0048 8b85 78ef ffff 488d
5013 488d 8580 efff ff48 89d6 4889 c7e8
4cfb ffff 488d 8580 efff ff48 89c7 e8ed
faff ff89 856c efff ff48 8b85 70ef ffff
4889 c7e8 18fb ffff 4889 8578 efff ff48
83bd 78ef ffff 000f 8501 ffff ff48 8b85
70ef ffff 4889 c7e8 d4fa ffff b800 0000
00eb 05b8 0000 0000 488b 75f8 6448 3334
2528 0000 0074 05e8 84fa ffff c9c3 6690
f30f 1efa 4157 4c8d 3dfb 2700 0041 5649
89d6 4155 4989 f541 5441 89fc 5548 8d2d
ec27 0000 534c 29fd 4883 ec08 e8ef f9ff
ff48 c1fd 0374 1f31 db0f 1f80 0000 0000
4c89 f24c 89ee 4489 e741 ff14 df48 83c3
0148 39dd 75ea 4883 c408 5b5d 415c 415d
415e 415f c366 662e 0f1f 8400 0000 0000
f30f 1efa c300 0000 f30f 1efa 4883 ec08
4883 c408 c300 0000 0000 0000 0000 0000
0000 0000 0000 0000 0000 0000 0000 0000
0000 0000 0000 0000 0000 0000 0000 0000
0000 0000 0000 0000 0000 0000 0000 0000
0000 0000 0000 0000 0000 0000 0000 0000
0000 0000 0000 0000 0000 0000 0000 0000
0000 0000 0000 0000 0000 0000 0000 0000
0000 0000 0000 0000 0000 0000 0000 0000
0000 0000 0000 0000 0000 0000 0000 0000
0000 0000 0000 0000 0000 0000 0000 0000
0000 0000 0000 0000 0000 0000 0000 0000
0000 0000 0000 0000 0000 0000 0000 0000
0000 0000 0000 0000 0000 0000 0000 0000
0000 0000 0000 0000 0000 0000 0000 0000
0000 0000 0000 0000 0000 0000 0000 0000
0000 0000 0000 0000 0000 0000 0000 0000
0000 0000 0000 0000 0000 0000 0000 0000
0000 0000 0000 0000 0000 0000 0000 0000
0000 0000 0000 0000 0000 0000 0000 0000
0000 0000 0000 0000 0000 0000 0000 0000
0000 0000 0000 0000 0000 0000 0000 0000
0000 0000 0000 0000 0000 0000 0000 0000
0000 0000 0000 0000 0000 0000 0000 0000
0000 0000 0000 0000 0000 0000 0000 0000
0000 0000 0000 0000 0000 0000 0000 0000
0000 0000 0000 0000 0000 0000 0000 0000
0000 0000 0000 0000 0000 0000 0000 0000
0000 0000 0000 0000 0000 0000 0000 0000
0000 0000 0000 0000 0000 0000 0000 0000
0000 0000 0000 0000 0000 0000 0000 0000
0000 0000 0000 0000 0000 0000 0000 0000
0000 0000 0000 0000 0000 0000 0000 0000
0000 0000 0000 0000 0000 0000 0000 0000
0000 0000 0000 0000 0000 0000 0000 0000
0000 0000 0000 0000 0000 0000 0000 0000
0000 0000 0000 0000 0000 0000 0000 0000
0000 0000 0000 0000 0000 0000 0000 0000
0000 0000 0000 0000 0000 0000 0000 0000
0000 0000 0000 0000 0000 0000 0000 0000
0000 0000 0000 0000 0000 0000 0000 0000
0000 0000 0000 0000 0000 0000 0000 0000
0000 0000 0000 0000 0000 0000 0000 0000
0000 0000 0000 0000 0000 0000 0000 0000
0000 0000 0000 0000 0000 0000 0000 0000
0000 0000 0000 0000 0000 0000 0000 0000
0000 0000 0000 0000 0000 0000 0000 0000
0000 0000 0000 0000 0000 0000 0000 0000
0000 0000 0000 0000 0000 0000 0000 0000
0000 0000 0000 0000 0000 0000 0000 0000
0000 0000 0000 0000 0000 0000 0000 0000
0000 0000 0000 0000 0000 0000 0000 0000
0000 0000 0000 0000 0000 0000 0000 0000
0000 0000 0000 0000 0000 0000 0000 0000
0000 0000 0000 0000 0000 0000 0000 0000
0000 0000 0000 0000 0000 0000 0000 0000
0000 0000 0000 0000 0000 0000 0000 0000
0000 0000 0000 0000 0000 0000 0000 0000
0000 0000 0000 0000 0000 0000 0000 0000
0000 0000 0000 0000 0000 0000 0000 0000
0000 0000 0000 0000 0000 0000 0000 0000
0000 0000 0000 0000 0000 0000 0000 0000
0000 0000 0000 0000 0000 0000 0000 0000
0000 0000 0000 0000 0000 0000 0000 0000
0000 0000 0000 0000 0000 0000 0000 0000
0000 0000 0000 0000 0000 0000 0000 0000
0000 0000 0000 0000 0000 0000 0000 0000
0000 0000 0000 0000 0000 0000 0000 0000
0000 0000 0000 0000 0000 0000 0000 0000
0000 0000 0000 0000 0000 0000 0000 0000
0000 0000 0000 0000 0000 0000 0000 0000
0000 0000 0000 0000 0000 0000 0000 0000
0000 0000 0000 0000 0000 0000 0000 0000
0000 0000 0000 0000 0000 0000 0000 0000
0000 0000 0000 0000 0000 0000 0000 0000
0000 0000 0000 0000 0000 0000 0000 0000
0000 0000 0000 0000 0000 0000 0000 0000
0000 0000 0000 0000 0000 0000 0000 0000
0000 0000 0000 0000 0000 0000 0000 0000
0000 0000 0000 0000 0000 0000 0000 0000
0000 0000 0000 0000 0000 0000 0000 0000
0000 0000 0000 0000 0000 0000 0000 0000
0000 0000 0000 0000 0000 0000 0000 0000
0000 0000 0000 0000 0000 0000 0000 0000
0000 0000 0000 0000 0000 0000 0000 0000
0000 0000 0000 0000 0000 0000 0000 0000
0000 0000 0000 0000 0000 0000 0000 0000
0000 0000 0000 0000 0000 0000 0000 0000
0000 0000 0000 0000 0000 0000 0000 0000
0000 0000 0000 0000 0000 0000 0000 0000
0000 0000 0000 0000 0000 0000 0000 0000
0000 0000 0000 0000 0000 0000 0000 0000
0000 0000 0000 0000 0000 0000 0000 0000
0000 0000 0000 0000 0000 0000 0000 0000
0000 0000 0000 0000 0000 0000 0000 0000
0000 0000 0000 0000 0000 0000 0000 0000
0000 0000 0000 0000 0000 0000 0000 0000
0000 0000 0000 0000 0000 0000 0000 0000
0000 0000 0000 0000 0000 0000 0000 0000
0000 0000 0000 0000 0000 0000 0000 0000
0000 0000 0000 0000 0000 0000 0000 0000
0000 0000 0000 0000 0000 0000 0000 0000
0000 0000 0000 0000 0000 0000 0000 0000
0000 0000 0000 0000 0000 0000 0000 0000
0000 0000 0000 0000 0000 0000 0000 0000
0000 0000 0000 0000 0000 0000 0000 0000
0000 0000 0000 0000 0000 0000 0000 0000
0000 0000 0000 0000 0000 0000 0000 0000
0000 0000 0000 0000 0000 0000 0000 0000
0000 0000 0000 0000 0000 0000 0000 0000
0000 0000 0000 0000 0000 0000 0000 0000
0000 0000 0000 0000 0000 0000 0000 0000
0000 0000 0000 0000 0000 0000 0000 0000
0000 0000 0000 0000 0000 0000 0000 0000
0000 0000 0000 0000 0000 0000 0000 0000
0000 0000 0000 0000 0000 0000 0000 0000
0000 0000 0000 0000 0000 0000 0000 0000
0000 0000 0000 0000 0000 0000 0000 0000
0000 0000 0000 0000 0000 0000 0000 0000
0000 0000 0000 0000 0000 0000 0000 0000
0000 0000 0000 0000 0000 0000 0000 0000
0000 0000 0000 0000 0000 0000 0000 0000
0000 0000 0000 0000 0000 0000 0000 0000
0000 0000 0000 0000 0000 0000 0000 0000
0000 0000 0000 0000 0000 0000 0000 0000
0000 0000 0000 0000 0000 0000 0000 0000
0000 0000 0000 0000 0000 0000 0000 0000
0000 0000 0000 0000 0000 0000 0000 0000
0000 0000 0000 0000 0000 0000 0000 0000
0000 0000 0000 0000 0000 0000 0000 0000
0000 0000 0000 0000 0000 0000 0000 0000
0000 0000 0000 0000 0000 0000 0000 0000
0000 0000 0000 0000 0000 0000 0000 0000
0000 0000 0000 0000 0000 0000 0000 0000
0000 0000 0000 0000 0000 0000 0000 0000
0000 0000 0000 0000 0000 0000 0000 0000
0000 0000 0000 0000 0000 0000 0000 0000
0000 0000 0000 0000 0000 0000 0000 0000
0000 0000 0000 0000 0000 0000 0000 0000
0000 0000 0000 0000 0000 0000 0000 0000
0000 0000 0000 0000 0000 0000 0000 0000
0000 0000 0000 0000 0000 0000 0000 0000
0000 0000 0000 0000 0000 0000 0000 0000
0000 0000 0000 0000 0000 0000 0000 0000
0000 0000 0000 0000 0000 0000 0000 0000
0000 0000 0000 0000 0000 0000 0000 0000
0000 0000 0000 0000 0000 0000 0000 0000
0000 0000 0000 0000 0000 0000 0000 0000
0000 0000 0000 0000 0000 0000 0000 0000
0000 0000 0000 0000 0000 0000 0000 0000
0000 0000 0000 0000 0000 0000 0000 0000
0000 0000 0000 0000 0000 0000 0000 0000
0000 0000 0000 0000 0000 0000 0000 0000
0000 0000 0000 0000 0000 0000 0000 0000
0000 0000 0000 0000 0000 0000 0000 0000
0100 0200 0000 0000 5365 2068 616e 2069
6e67 7265 7361 646f 2064 656d 6173 6961
646f 7320 7061 72c3 a16d 6574 726f 732e
002e 0025 7309 002d 6c00 2573 2f25 7300
011b 033b 3400 0000 0500 0000 e0ef ffff
6800 0000 a0f0 ffff 5000 0000 99f1 ffff
9000 0000 a0f5 ffff b000 0000 10f6 ffff
f800 0000 0000 0000 1400 0000 0000 0000
017a 5200 0178 1001 1b0c 0708 9001 0000
1400 0000 1c00 0000 48f0 ffff 2f00 0000
0044 0710 0000 0000 2400 0000 3400 0000
70ef ffff c000 0000 000e 1046 0e18 4a0f
0b77 0880 003f 1a3b 2a33 2422 0000 0000
1c00 0000 5c00 0000 01f1 ffff 0504 0000
0041 0e10 8602 430d 0603 0004 0c07 0800
4400 0000 7c00 0000 e8f4 ffff 6500 0000
0046 0e10 8f02 490e 188e 0345 0e20 8d04
450e 288c 0544 0e30 8606 480e 3883 0747
0e40 6e0e 3841 0e30 410e 2842 0e20 420e
1842 0e10 420e 0800 1000 0000 c400 0000
10f5 ffff 0500 0000 0000 0000 0000 0000
0000 0000 0000 0000 0000 0000 0000 0000
0000 0000 0000 0000 0000 0000 0000 0000
0000 0000 0000 0000 0000 0000 0000 0000
0000 0000 0000 0000 0000 0000 0000 0000
0000 0000 0000 0000 0000 0000 0000 0000
0000 0000 0000 0000 0000 0000 0000 0000
0000 0000 0000 0000 0000 0000 0000 0000
0000 0000 0000 0000 0000 0000 0000 0000
0000 0000 0000 0000 0000 0000 0000 0000
0000 0000 0000 0000 0000 0000 0000 0000
0000 0000 0000 0000 0000 0000 0000 0000
0000 0000 0000 0000 0000 0000 0000 0000
0000 0000 0000 0000 0000 0000 0000 0000
0000 0000 0000 0000 0000 0000 0000 0000
0000 0000 0000 0000 0000 0000 0000 0000
0000 0000 0000 0000 0000 0000 0000 0000
0000 0000 0000 0000 0000 0000 0000 0000
0000 0000 0000 0000 0000 0000 0000 0000
0000 0000 0000 0000 0000 0000 0000 0000
0000 0000 0000 0000 0000 0000 0000 0000
0000 0000 0000 0000 0000 0000 0000 0000
0000 0000 0000 0000 0000 0000 0000 0000
0000 0000 0000 0000 0000 0000 0000 0000
0000 0000 0000 0000 0000 0000 0000 0000
0000 0000 0000 0000 0000 0000 0000 0000
0000 0000 0000 0000 0000 0000 0000 0000
0000 0000 0000 0000 0000 0000 0000 0000
0000 0000 0000 0000 0000 0000 0000 0000
0000 0000 0000 0000 0000 0000 0000 0000
0000 0000 0000 0000 0000 0000 0000 0000
0000 0000 0000 0000 0000 0000 0000 0000
0000 0000 0000 0000 0000 0000 0000 0000
0000 0000 0000 0000 0000 0000 0000 0000
0000 0000 0000 0000 0000 0000 0000 0000
0000 0000 0000 0000 0000 0000 0000 0000
0000 0000 0000 0000 0000 0000 0000 0000
0000 0000 0000 0000 0000 0000 0000 0000
0000 0000 0000 0000 0000 0000 0000 0000
0000 0000 0000 0000 0000 0000 0000 0000
0000 0000 0000 0000 0000 0000 0000 0000
0000 0000 0000 0000 0000 0000 0000 0000
0000 0000 0000 0000 0000 0000 0000 0000
0000 0000 0000 0000 0000 0000 0000 0000
0000 0000 0000 0000 0000 0000 0000 0000
0000 0000 0000 0000 0000 0000 0000 0000
0000 0000 0000 0000 0000 0000 0000 0000
0000 0000 0000 0000 0000 0000 0000 0000
0000 0000 0000 0000 0000 0000 0000 0000
0000 0000 0000 0000 0000 0000 0000 0000
0000 0000 0000 0000 0000 0000 0000 0000
0000 0000 0000 0000 0000 0000 0000 0000
0000 0000 0000 0000 0000 0000 0000 0000
0000 0000 0000 0000 0000 0000 0000 0000
0000 0000 0000 0000 0000 0000 0000 0000
0000 0000 0000 0000 0000 0000 0000 0000
0000 0000 0000 0000 0000 0000 0000 0000
0000 0000 0000 0000 0000 0000 0000 0000
0000 0000 0000 0000 0000 0000 0000 0000
0000 0000 0000 0000 0000 0000 0000 0000
0000 0000 0000 0000 0000 0000 0000 0000
0000 0000 0000 0000 0000 0000 0000 0000
0000 0000 0000 0000 0000 0000 0000 0000
0000 0000 0000 0000 0000 0000 0000 0000
0000 0000 0000 0000 0000 0000 0000 0000
0000 0000 0000 0000 0000 0000 0000 0000
0000 0000 0000 0000 0000 0000 0000 0000
0000 0000 0000 0000 0000 0000 0000 0000
0000 0000 0000 0000 0000 0000 0000 0000
0000 0000 0000 0000 0000 0000 0000 0000
0000 0000 0000 0000 0000 0000 0000 0000
0000 0000 0000 0000 0000 0000 0000 0000
0000 0000 0000 0000 0000 0000 0000 0000
0000 0000 0000 0000 0000 0000 0000 0000
0000 0000 0000 0000 0000 0000 0000 0000
0000 0000 0000 0000 0000 0000 0000 0000
0000 0000 0000 0000 0000 0000 0000 0000
0000 0000 0000 0000 0000 0000 0000 0000
0000 0000 0000 0000 0000 0000 0000 0000
0000 0000 0000 0000 0000 0000 0000 0000
0000 0000 0000 0000 0000 0000 0000 0000
0000 0000 0000 0000 0000 0000 0000 0000
0000 0000 0000 0000 0000 0000 0000 0000
0000 0000 0000 0000 0000 0000 0000 0000
0000 0000 0000 0000 0000 0000 0000 0000
0000 0000 0000 0000 0000 0000 0000 0000
0000 0000 0000 0000 0000 0000 0000 0000
0000 0000 0000 0000 0000 0000 0000 0000
0000 0000 0000 0000 0000 0000 0000 0000
0000 0000 0000 0000 0000 0000 0000 0000
0000 0000 0000 0000 0000 0000 0000 0000
0000 0000 0000 0000 0000 0000 0000 0000
0000 0000 0000 0000 0000 0000 0000 0000
0000 0000 0000 0000 0000 0000 0000 0000
0000 0000 0000 0000 0000 0000 0000 0000
0000 0000 0000 0000 0000 0000 0000 0000
0000 0000 0000 0000 0000 0000 0000 0000
0000 0000 0000 0000 0000 0000 0000 0000
0000 0000 0000 0000 0000 0000 0000 0000
0000 0000 0000 0000 0000 0000 0000 0000
0000 0000 0000 0000 0000 0000 0000 0000
0000 0000 0000 0000 0000 0000 0000 0000
0000 0000 0000 0000 0000 0000 0000 0000
0000 0000 0000 0000 0000 0000 0000 0000
0000 0000 0000 0000 0000 0000 0000 0000
0000 0000 0000 0000 0000 0000 0000 0000
0000 0000 0000 0000 0000 0000 0000 0000
0000 0000 0000 0000 0000 0000 0000 0000
0000 0000 0000 0000 0000 0000 0000 0000
0000 0000 0000 0000 0000 0000 0000 0000
0000 0000 0000 0000 0000 0000 0000 0000
0000 0000 0000 0000 0000 0000 0000 0000
0000 0000 0000 0000 0000 0000 0000 0000
0000 0000 0000 0000 0000 0000 0000 0000
0000 0000 0000 0000 0000 0000 0000 0000
0000 0000 0000 0000 0000 0000 0000 0000
0000 0000 0000 0000 0000 0000 0000 0000
0000 0000 0000 0000 0000 0000 0000 0000
0000 0000 0000 0000 0000 0000 0000 0000
0000 0000 0000 0000 0000 0000 0000 0000
0000 0000 0000 0000 0000 0000 0000 0000
0000 0000 0000 0000 0000 0000 0000 0000
0000 0000 0000 0000 0000 0000 0000 0000
0000 0000 0000 0000 0000 0000 0000 0000
0000 0000 0000 0000 0000 0000 0000 0000
0000 0000 0000 0000 0000 0000 0000 0000
0000 0000 0000 0000 0000 0000 0000 0000
0000 0000 0000 0000 0000 0000 0000 0000
0000 0000 0000 0000 0000 0000 0000 0000
0000 0000 0000 0000 0000 0000 0000 0000
0000 0000 0000 0000 0000 0000 0000 0000
0000 0000 0000 0000 0000 0000 0000 0000
0000 0000 0000 0000 0000 0000 0000 0000
0000 0000 0000 0000 0000 0000 0000 0000
0000 0000 0000 0000 0000 0000 0000 0000
0000 0000 0000 0000 0000 0000 0000 0000
0000 0000 0000 0000 0000 0000 0000 0000
0000 0000 0000 0000 0000 0000 0000 0000
0000 0000 0000 0000 0000 0000 0000 0000
0000 0000 0000 0000 0000 0000 0000 0000
0000 0000 0000 0000 0000 0000 0000 0000
0000 0000 0000 0000 0000 0000 0000 0000
0000 0000 0000 0000 0000 0000 0000 0000
0000 0000 0000 0000 0000 0000 0000 0000
0000 0000 0000 0000 0000 0000 0000 0000
0000 0000 0000 0000 0000 0000 0000 0000
0000 0000 0000 0000 0000 0000 0000 0000
0000 0000 0000 0000 0000 0000 0000 0000
0000 0000 0000 0000 0000 0000 0000 0000
0000 0000 0000 0000 0000 0000 0000 0000
0000 0000 0000 0000 0000 0000 0000 0000
0000 0000 0000 0000 0000 0000 0000 0000
0000 0000 0000 0000 0000 0000 0000 0000
0000 0000 0000 0000 0000 0000 0000 0000
0000 0000 0000 0000 0000 0000 0000 0000
0000 0000 0000 0000 0000 0000 0000 0000
0000 0000 0000 0000 0000 0000 0000 0000
0000 0000 0000 0000 0000 0000 0000 0000
0000 0000 0000 0000 0000 0000 0000 0000
0000 0000 0000 0000 0000 0000 0000 0000
0000 0000 0000 0000 0000 0000 0000 0000
0000 0000 0000 0000 0000 0000 0000 0000
0000 0000 0000 0000 0000 0000 0000 0000
0000 0000 0000 0000 0000 0000 0000 0000
0000 0000 0000 0000 0000 0000 0000 0000
0000 0000 0000 0000 0000 0000 0000 0000
0000 0000 0000 0000 0000 0000 0000 0000
0000 0000 0000 0000 0000 0000 0000 0000
0000 0000 0000 0000 0000 0000 0000 0000
0000 0000 0000 0000 0000 0000 0000 0000
0000 0000 0000 0000 0000 0000 0000 0000
0000 0000 0000 0000 0000 0000 0000 0000
0000 0000 0000 0000 0000 0000 0000 0000
0000 0000 0000 0000 0000 0000 0000 0000
0000 0000 0000 0000 0000 0000 0000 0000
0000 0000 0000 0000 0000 0000 0000 0000
0000 0000 0000 0000 0000 0000 0000 0000
0000 0000 0000 0000 0000 0000 0000 0000
0000 0000 0000 0000 0000 0000 0000 0000
0000 0000 0000 0000 0000 0000 0000 0000
0000 0000 0000 0000 0000 0000 0000 0000
0000 0000 0000 0000 0000 0000 0000 0000
0000 0000 0000 0000 0000 0000 0000 0000
0000 0000 0000 0000 0000 0000 0000 0000
0000 0000 0000 0000 0000 0000 0000 0000
0000 0000 0000 0000 0000 0000 0000 0000
0000 0000 0000 0000 0000 0000 0000 0000
0000 0000 0000 0000 0000 0000 0000 0000
0000 0000 0000 0000 0000 0000 0000 0000
0000 0000 0000 0000 0000 0000 0000 0000
0000 0000 0000 0000 0000 0000 0000 0000
0000 0000 0000 0000 0000 0000 0000 0000
0000 0000 0000 0000 0000 0000 0000 0000
0000 0000 0000 0000 0000 0000 0000 0000
0000 0000 0000 0000 0000 0000 0000 0000
0000 0000 0000 0000 0000 0000 0000 0000
0000 0000 0000 0000 0000 0000 0000 0000
0000 0000 0000 0000 0000 0000 0000 0000
0000 0000 0000 0000 0000 0000 0000 0000
0000 0000 0000 0000 0000 0000 0000 0000
0000 0000 0000 0000 0000 0000 0000 0000
0000 0000 0000 0000 0000 0000 0000 0000
0000 0000 0000 0000 d011 0000 0000 0000
8011 0000 0000 0000 0100 0000 0000 0000
0100 0000 0000 0000 0c00 0000 0000 0000
0010 0000 0000 0000 0d00 0000 0000 0000
5816 0000 0000 0000 1900 0000 0000 0000
e83d 0000 0000 0000 1b00 0000 0000 0000
0800 0000 0000 0000 1a00 0000 0000 0000
f03d 0000 0000 0000 1c00 0000 0000 0000
0800 0000 0000 0000 f5fe ff6f 0000 0000
0803 0000 0000 0000 0500 0000 0000 0000
c004 0000 0000 0000 0600 0000 0000 0000
2803 0000 0000 0000 0a00 0000 0000 0000
db00 0000 0000 0000 0b00 0000 0000 0000
1800 0000 0000 0000 1500 0000 0000 0000
0000 0000 0000 0000 0300 0000 0000 0000
0040 0000 0000 0000 0200 0000 0000 0000
0801 0000 0000 0000 1400 0000 0000 0000
0700 0000 0000 0000 1700 0000 0000 0000
b006 0000 0000 0000 0700 0000 0000 0000
f005 0000 0000 0000 0800 0000 0000 0000
c000 0000 0000 0000 0900 0000 0000 0000
1800 0000 0000 0000 fbff ff6f 0000 0000
0000 0008 0000 0000 feff ff6f 0000 0000
c005 0000 0000 0000 ffff ff6f 0000 0000
0100 0000 0000 0000 f0ff ff6f 0000 0000
9c05 0000 0000 0000 f9ff ff6f 0000 0000
0300 0000 0000 0000 0000 0000 0000 0000
0000 0000 0000 0000 0000 0000 0000 0000
0000 0000 0000 0000 0000 0000 0000 0000
0000 0000 0000 0000 0000 0000 0000 0000
0000 0000 0000 0000 0000 0000 0000 0000
0000 0000 0000 0000 0000 0000 0000 0000
0000 0000 0000 0000 0000 0000 0000 0000
0000 0000 0000 0000 0000 0000 0000 0000
f83d 0000 0000 0000 0000 0000 0000 0000
0000 0000 0000 0000 3610 0000 0000 0000
4610 0000 0000 0000 5610 0000 0000 0000
6610 0000 0000 0000 7610 0000 0000 0000
8610 0000 0000 0000 9610 0000 0000 0000
a610 0000 0000 0000 b610 0000 0000 0000
c610 0000 0000 0000 d610 0000 0000 0000
0000 0000 0000 0000 7840 0000 0000 0000
4743 433a 2028 4172 6368 204c 696e 7578
2039 2e33 2e30 2d31 2920 392e 332e 3000
0000 0000 0000 0000 0000 0000 0000 0000
0000 0000 0000 0000 0000 0000 0300 0100
a802 0000 0000 0000 0000 0000 0000 0000
0000 0000 0300 0200 c402 0000 0000 0000
0000 0000 0000 0000 0000 0000 0300 0300
e802 0000 0000 0000 0000 0000 0000 0000
0000 0000 0300 0400 0803 0000 0000 0000
0000 0000 0000 0000 0000 0000 0300 0500
2803 0000 0000 0000 0000 0000 0000 0000
0000 0000 0300 0600 c004 0000 0000 0000
0000 0000 0000 0000 0000 0000 0300 0700
9c05 0000 0000 0000 0000 0000 0000 0000
0000 0000 0300 0800 c005 0000 0000 0000
0000 0000 0000 0000 0000 0000 0300 0900
f005 0000 0000 0000 0000 0000 0000 0000
0000 0000 0300 0a00 b006 0000 0000 0000
0000 0000 0000 0000 0000 0000 0300 0b00
0010 0000 0000 0000 0000 0000 0000 0000
0000 0000 0300 0c00 2010 0000 0000 0000
0000 0000 0000 0000 0000 0000 0300 0d00
e010 0000 0000 0000 0000 0000 0000 0000
0000 0000 0300 0e00 5816 0000 0000 0000
0000 0000 0000 0000 0000 0000 0300 0f00
0020 0000 0000 0000 0000 0000 0000 0000
0000 0000 0300 1000 4020 0000 0000 0000
0000 0000 0000 0000 0000 0000 0300 1100
7820 0000 0000 0000 0000 0000 0000 0000
0000 0000 0300 1200 e83d 0000 0000 0000
0000 0000 0000 0000 0000 0000 0300 1300
f03d 0000 0000 0000 0000 0000 0000 0000
0000 0000 0300 1400 f83d 0000 0000 0000
0000 0000 0000 0000 0000 0000 0300 1500
d83f 0000 0000 0000 0000 0000 0000 0000
0000 0000 0300 1600 0040 0000 0000 0000
0000 0000 0000 0000 0000 0000 0300 1700
7040 0000 0000 0000 0000 0000 0000 0000
0000 0000 0300 1800 8040 0000 0000 0000
0000 0000 0000 0000 0000 0000 0300 1900
0000 0000 0000 0000 0000 0000 0000 0000
0100 0000 0400 f1ff 0000 0000 0000 0000
0000 0000 0000 0000 0800 0000 0400 f1ff
0000 0000 0000 0000 0000 0000 0000 0000
1300 0000 0200 0d00 1011 0000 0000 0000
0000 0000 0000 0000 1500 0000 0200 0d00
4011 0000 0000 0000 0000 0000 0000 0000
2800 0000 0200 0d00 8011 0000 0000 0000
0000 0000 0000 0000 3e00 0000 0100 1800
8040 0000 0000 0000 0100 0000 0000 0000
4d00 0000 0100 1300 f03d 0000 0000 0000
0000 0000 0000 0000 7400 0000 0200 0d00
d011 0000 0000 0000 0000 0000 0000 0000
8000 0000 0100 1200 e83d 0000 0000 0000
0000 0000 0000 0000 9f00 0000 0400 f1ff
0000 0000 0000 0000 0000 0000 0000 0000
0800 0000 0400 f1ff 0000 0000 0000 0000
0000 0000 0000 0000 a800 0000 0100 1100
4c21 0000 0000 0000 0000 0000 0000 0000
0000 0000 0400 f1ff 0000 0000 0000 0000
0000 0000 0000 0000 b600 0000 0000 1200
f03d 0000 0000 0000 0000 0000 0000 0000
c700 0000 0100 1400 f83d 0000 0000 0000
0000 0000 0000 0000 d000 0000 0000 1200
e83d 0000 0000 0000 0000 0000 0000 0000
e300 0000 0000 1000 4020 0000 0000 0000
0000 0000 0000 0000 f600 0000 0100 1600
0040 0000 0000 0000 0000 0000 0000 0000
4b02 0000 0200 0b00 0010 0000 0000 0000
0000 0000 0000 0000 0c01 0000 1200 0d00
5016 0000 0000 0000 0500 0000 0000 0000
1c01 0000 1200 0000 0000 0000 0000 0000
0000 0000 0000 0000 3101 0000 2000 0000
0000 0000 0000 0000 0000 0000 0000 0000
e201 0000 2000 1700 7040 0000 0000 0000
0000 0000 0000 0000 4d01 0000 1200 0000
0000 0000 0000 0000 0000 0000 0000 0000
5f01 0000 1000 1700 8040 0000 0000 0000
0000 0000 0000 0000 6601 0000 1200 0000
0000 0000 0000 0000 0000 0000 0000 0000
1601 0000 1202 0e00 5816 0000 0000 0000
0000 0000 0000 0000 7b01 0000 1200 0000
0000 0000 0000 0000 0000 0000 0000 0000
9701 0000 1200 0000 0000 0000 0000 0000
0000 0000 0000 0000 7702 0000 1200 0000
0000 0000 0000 0000 0000 0000 0000 0000
ab01 0000 1200 0000 0000 0000 0000 0000
0000 0000 0000 0000 c101 0000 1200 0000
0000 0000 0000 0000 0000 0000 0000 0000
e001 0000 1000 1700 7040 0000 0000 0000
0000 0000 0000 0000 ed01 0000 1200 0000
0000 0000 0000 0000 0000 0000 0000 0000
0102 0000 2000 0000 0000 0000 0000 0000
0000 0000 0000 0000 1002 0000 1102 1700
7840 0000 0000 0000 0000 0000 0000 0000
1d02 0000 1100 0f00 0020 0000 0000 0000
0400 0000 0000 0000 2c02 0000 1200 0000
0000 0000 0000 0000 0000 0000 0000 0000
4102 0000 1200 0d00 e015 0000 0000 0000
6500 0000 0000 0000 c200 0000 1000 1800
8840 0000 0000 0000 0000 0000 0000 0000
e601 0000 1200 0d00 e010 0000 0000 0000
2f00 0000 0000 0000 5102 0000 1000 1800
8040 0000 0000 0000 0000 0000 0000 0000
5d02 0000 1200 0d00 d911 0000 0000 0000
0504 0000 0000 0000 6202 0000 1200 0000
0000 0000 0000 0000 0000 0000 0000 0000
7602 0000 1200 0000 0000 0000 0000 0000
0000 0000 0000 0000 8b02 0000 1102 1700
8040 0000 0000 0000 0000 0000 0000 0000
9702 0000 2000 0000 0000 0000 0000 0000
0000 0000 0000 0000 b102 0000 2200 0000
0000 0000 0000 0000 0000 0000 0000 0000
0069 6e69 742e 6300 6372 7473 7475 6666
2e63 0064 6572 6567 6973 7465 725f 746d
5f63 6c6f 6e65 7300 5f5f 646f 5f67 6c6f
6261 6c5f 6474 6f72 735f 6175 7800 636f
6d70 6c65 7465 642e 3733 3933 005f 5f64
6f5f 676c 6f62 616c 5f64 746f 7273 5f61
7578 5f66 696e 695f 6172 7261 795f 656e
7472 7900 6672 616d 655f 6475 6d6d 7900
5f5f 6672 616d 655f 6475 6d6d 795f 696e
6974 5f61 7272 6179 5f65 6e74 7279 0070
756e 746f 322e 6300 5f5f 4652 414d 455f
454e 445f 5f00 5f5f 696e 6974 5f61 7272
6179 5f65 6e64 005f 4459 4e41 4d49 4300
5f5f 696e 6974 5f61 7272 6179 5f73 7461
7274 005f 5f47 4e55 5f45 485f 4652 414d
455f 4844 5200 5f47 4c4f 4241 4c5f 4f46
4653 4554 5f54 4142 4c45 5f00 5f5f 6c69
6263 5f63 7375 5f66 696e 6900 7075 7463
6861 7240 4047 4c49 4243 5f32 2e32 2e35
005f 4954 4d5f 6465 7265 6769 7374 6572
544d 436c 6f6e 6554 6162 6c65 0070 7574
7340 4047 4c49 4243 5f32 2e32 2e35 005f
6564 6174 6100 6f70 656e 6469 7240 4047
4c49 4243 5f32 2e32 2e35 005f 5f73 7461
636b 5f63 686b 5f66 6169 6c40 4047 4c49
4243 5f32 2e34 0073 7973 7465 6d40 4047
4c49 4243 5f32 2e32 2e35 0063 6c6f 7365
6469 7240 4047 4c49 4243 5f32 2e32 2e35
005f 5f6c 6962 635f 7374 6172 745f 6d61
696e 4040 474c 4942 435f 322e 322e 3500
5f5f 6461 7461 5f73 7461 7274 0073 7472
636d 7040 4047 4c49 4243 5f32 2e32 2e35
005f 5f67 6d6f 6e5f 7374 6172 745f 5f00
5f5f 6473 6f5f 6861 6e64 6c65 005f 494f
5f73 7464 696e 5f75 7365 6400 7265 6164
6469 7240 4047 4c49 4243 5f32 2e32 2e35
005f 5f6c 6962 635f 6373 755f 696e 6974
005f 5f62 7373 5f73 7461 7274 006d 6169
6e00 7374 7263 6174 4040 474c 4942 435f
322e 322e 3500 7370 7269 6e74 6640 4047
4c49 4243 5f32 2e32 2e35 005f 5f54 4d43
5f45 4e44 5f5f 005f 4954 4d5f 7265 6769
7374 6572 544d 436c 6f6e 6554 6162 6c65
005f 5f63 7861 5f66 696e 616c 697a 6540
4047 4c49 4243 5f32 2e32 2e35 0000 2e73
796d 7461 6200 2e73 7472 7461 6200 2e73
6873 7472 7461 6200 2e69 6e74 6572 7000
2e6e 6f74 652e 676e 752e 6275 696c 642d
6964 002e 6e6f 7465 2e41 4249 2d74 6167
002e 676e 752e 6861 7368 002e 6479 6e73
796d 002e 6479 6e73 7472 002e 676e 752e
7665 7273 696f 6e00 2e67 6e75 2e76 6572
7369 6f6e 5f72 002e 7265 6c61 2e64 796e
002e 7265 6c61 2e70 6c74 002e 696e 6974
002e 7465 7874 002e 6669 6e69 002e 726f
6461 7461 002e 6568 5f66 7261 6d65 5f68
6472 002e 6568 5f66 7261 6d65 002e 696e
6974 5f61 7272 6179 002e 6669 6e69 5f61
7272 6179 002e 6479 6e61 6d69 6300 2e67
6f74 002e 676f 742e 706c 7400 2e64 6174
6100 2e62 7373 002e 636f 6d6d 656e 7400
0000 0000 0000 0000 0000 0000 0000 0000
0000 0000 0000 0000 0000 0000 0000 0000
0000 0000 0000 0000 0000 0000 0000 0000
0000 0000 0000 0000 0000 0000 0000 0000
1b00 0000 0100 0000 0200 0000 0000 0000
a802 0000 0000 0000 a802 0000 0000 0000
1c00 0000 0000 0000 0000 0000 0000 0000
0100 0000 0000 0000 0000 0000 0000 0000
2300 0000 0700 0000 0200 0000 0000 0000
c402 0000 0000 0000 c402 0000 0000 0000
2400 0000 0000 0000 0000 0000 0000 0000
0400 0000 0000 0000 0000 0000 0000 0000
3600 0000 0700 0000 0200 0000 0000 0000
e802 0000 0000 0000 e802 0000 0000 0000
2000 0000 0000 0000 0000 0000 0000 0000
0400 0000 0000 0000 0000 0000 0000 0000
4400 0000 f6ff ff6f 0200 0000 0000 0000
0803 0000 0000 0000 0803 0000 0000 0000
1c00 0000 0000 0000 0500 0000 0000 0000
0800 0000 0000 0000 0000 0000 0000 0000
4e00 0000 0b00 0000 0200 0000 0000 0000
2803 0000 0000 0000 2803 0000 0000 0000
9801 0000 0000 0000 0600 0000 0100 0000
0800 0000 0000 0000 1800 0000 0000 0000
5600 0000 0300 0000 0200 0000 0000 0000
c004 0000 0000 0000 c004 0000 0000 0000
db00 0000 0000 0000 0000 0000 0000 0000
0100 0000 0000 0000 0000 0000 0000 0000
5e00 0000 ffff ff6f 0200 0000 0000 0000
9c05 0000 0000 0000 9c05 0000 0000 0000
2200 0000 0000 0000 0500 0000 0000 0000
0200 0000 0000 0000 0200 0000 0000 0000
6b00 0000 feff ff6f 0200 0000 0000 0000
c005 0000 0000 0000 c005 0000 0000 0000
3000 0000 0000 0000 0600 0000 0100 0000
0800 0000 0000 0000 0000 0000 0000 0000
7a00 0000 0400 0000 0200 0000 0000 0000
f005 0000 0000 0000 f005 0000 0000 0000
c000 0000 0000 0000 0500 0000 0000 0000
0800 0000 0000 0000 1800 0000 0000 0000
8400 0000 0400 0000 4200 0000 0000 0000
b006 0000 0000 0000 b006 0000 0000 0000
0801 0000 0000 0000 0500 0000 1600 0000
0800 0000 0000 0000 1800 0000 0000 0000
8e00 0000 0100 0000 0600 0000 0000 0000
0010 0000 0000 0000 0010 0000 0000 0000
1b00 0000 0000 0000 0000 0000 0000 0000
0400 0000 0000 0000 0000 0000 0000 0000
8900 0000 0100 0000 0600 0000 0000 0000
2010 0000 0000 0000 2010 0000 0000 0000
c000 0000 0000 0000 0000 0000 0000 0000
1000 0000 0000 0000 1000 0000 0000 0000
9400 0000 0100 0000 0600 0000 0000 0000
e010 0000 0000 0000 e010 0000 0000 0000
7505 0000 0000 0000 0000 0000 0000 0000
1000 0000 0000 0000 0000 0000 0000 0000
9a00 0000 0100 0000 0600 0000 0000 0000
5816 0000 0000 0000 5816 0000 0000 0000
0d00 0000 0000 0000 0000 0000 0000 0000
0400 0000 0000 0000 0000 0000 0000 0000
a000 0000 0100 0000 0200 0000 0000 0000
0020 0000 0000 0000 0020 0000 0000 0000
4000 0000 0000 0000 0000 0000 0000 0000
0800 0000 0000 0000 0000 0000 0000 0000
a800 0000 0100 0000 0200 0000 0000 0000
4020 0000 0000 0000 4020 0000 0000 0000
3400 0000 0000 0000 0000 0000 0000 0000
0400 0000 0000 0000 0000 0000 0000 0000
b600 0000 0100 0000 0200 0000 0000 0000
7820 0000 0000 0000 7820 0000 0000 0000
d800 0000 0000 0000 0000 0000 0000 0000
0800 0000 0000 0000 0000 0000 0000 0000
c000 0000 0e00 0000 0300 0000 0000 0000
e83d 0000 0000 0000 e82d 0000 0000 0000
0800 0000 0000 0000 0000 0000 0000 0000
0800 0000 0000 0000 0800 0000 0000 0000
cc00 0000 0f00 0000 0300 0000 0000 0000
f03d 0000 0000 0000 f02d 0000 0000 0000
0800 0000 0000 0000 0000 0000 0000 0000
0800 0000 0000 0000 0800 0000 0000 0000
d800 0000 0600 0000 0300 0000 0000 0000
f83d 0000 0000 0000 f82d 0000 0000 0000
e001 0000 0000 0000 0600 0000 0000 0000
0800 0000 0000 0000 1000 0000 0000 0000
e100 0000 0100 0000 0300 0000 0000 0000
d83f 0000 0000 0000 d82f 0000 0000 0000
2800 0000 0000 0000 0000 0000 0000 0000
0800 0000 0000 0000 0800 0000 0000 0000
e600 0000 0100 0000 0300 0000 0000 0000
0040 0000 0000 0000 0030 0000 0000 0000
7000 0000 0000 0000 0000 0000 0000 0000
0800 0000 0000 0000 0800 0000 0000 0000
ef00 0000 0100 0000 0300 0000 0000 0000
7040 0000 0000 0000 7030 0000 0000 0000
1000 0000 0000 0000 0000 0000 0000 0000
0800 0000 0000 0000 0000 0000 0000 0000
f500 0000 0800 0000 0300 0000 0000 0000
8040 0000 0000 0000 8030 0000 0000 0000
0800 0000 0000 0000 0000 0000 0000 0000
0100 0000 0000 0000 0000 0000 0000 0000
fa00 0000 0100 0000 3000 0000 0000 0000
0000 0000 0000 0000 8030 0000 0000 0000
2000 0000 0000 0000 0000 0000 0000 0000
0100 0000 0000 0000 0100 0000 0000 0000
0100 0000 0200 0000 0000 0000 0000 0000
0000 0000 0000 0000 a030 0000 0000 0000
f006 0000 0000 0000 1b00 0000 2d00 0000
0800 0000 0000 0000 1800 0000 0000 0000
0900 0000 0300 0000 0000 0000 0000 0000
0000 0000 0000 0000 9037 0000 0000 0000
cd02 0000 0000 0000 0000 0000 0000 0000
0100 0000 0000 0000 0000 0000 0000 0000
1100 0000 0300 0000 0000 0000 0000 0000
0000 0000 0000 0000 5d3a 0000 0000 0000
0301 0000 0000 0000 0000 0000 0000 0000
0100 0000 0000 0000 0000 0000 0000 0000
